20260310:000001.582: INFO: Firebase Admin SDK initialized successfully.
20260310:000002.114: INFO: Bot has been initialized.
20260310:000002.110: INFO: Starting the Telegram bot...
20260310:000002.115: INFO: Bot is now running.
20260310:000002.115: INFO: Starting the Telegram Server...
20260310:000002.119: INFO: 🚀 [SHIELDED] Notification server active on Port 3000
20260310:000002.120: INFO: Server is now running.
20260310:000015.907: INFO: Firebase Admin SDK initialized successfully.
20260310:000016.511: INFO: Bot has been initialized.
20260310:000016.508: INFO: Starting the Telegram bot...
20260310:000016.512: INFO: Starting the Telegram Server...
20260310:000016.512: INFO: Bot is now running.
20260310:000016.516: INFO: 🚀 [SHIELDED] Notification server active on Port 3000
20260310:000016.516: INFO: Server is now running.
20260310:000049.922: INFO: Firebase Admin SDK initialized successfully.
20260310:000050.601: INFO: Starting the Telegram bot...
20260310:000050.604: INFO: Bot has been initialized.
20260310:000050.605: INFO: Starting the Telegram Server...
20260310:000050.604: INFO: Bot is now running.
20260310:000050.615: INFO: 🚀 [SHIELDED] Notification server active on Port 3000
20260310:000050.615: INFO: Server is now running.
20260310:000107.863: INFO: Firebase Admin SDK initialized successfully.
20260310:000108.411: INFO: Starting the Telegram bot...
20260310:000108.414: INFO: Bot has been initialized.
20260310:000108.415: INFO: Bot is now running.
20260310:000108.415: INFO: Starting the Telegram Server...
20260310:000108.419: INFO: 🚀 [SHIELDED] Notification server active on Port 3000
20260310:000108.419: INFO: Server is now running.
20260310:000320.334: INFO: [MESSAGE] From: MH Shuaib (@shuaibabs) [ID: 1336020357] | Text: start
20260310:000404.069: INFO: [CALLBACK] From: MH Shuaib (@shuaibabs) [ID: 1336020357] | Data: inv_upd_stat
20260310:000409.050: INFO: [CALLBACK] From: MH Shuaib (@shuaibabs) [ID: 1336020357] | Data: upd_stat_type_RTP
20260310:000414.288: INFO: [MESSAGE] From: MH Shuaib (@shuaibabs) [ID: 1336020357] | Text: 1122556633
20260310:000645.528: INFO: [MESSAGE] From: MH Shuaib (@shuaibabs) [ID: 1336020357] | Text: fg
20260310:000649.342: INFO: [CALLBACK] From: MH Shuaib (@shuaibabs) [ID: 1336020357] | Data: inventory_start
20260310:000657.341: INFO: [CALLBACK] From: MH Shuaib (@shuaibabs) [ID: 1336020357] | Data: inv_add
20260310:000704.250: INFO: [CALLBACK] From: MH Shuaib (@shuaibabs) [ID: 1336020357] | Data: add_number_cancel
20260310:000722.361: INFO: [CALLBACK] From: MH Shuaib (@shuaibabs) [ID: 1336020357] | Data: add_number_cancel
20260310:000732.243: INFO: [MESSAGE] From: MH Shuaib (@shuaibabs) [ID: 1336020357] | Text: 55555555
20260310:001657.735: INFO: 🗑️  [SessionManager] Session expired for user -5105600657 in flow addNumber
20260310:003129.372: INFO: Firebase Admin SDK initialized successfully.
20260310:003129.864: INFO: Starting the Telegram bot...
20260310:003129.867: INFO: Bot has been initialized.
20260310:003129.867: INFO: Bot is now running.
20260310:003129.868: INFO: Starting the Telegram Server...
20260310:003129.871: INFO: 🚀 [SHIELDED] Notification server active on Port 3000
20260310:003129.872: INFO: Server is now running.
20260310:003140.637: INFO: Firebase Admin SDK initialized successfully.
20260310:003141.127: INFO: Starting the Telegram bot...
20260310:003141.130: INFO: Bot has been initialized.
20260310:003141.131: INFO: Bot is now running.
20260310:003141.131: INFO: Starting the Telegram Server...
20260310:003141.135: INFO: 🚀 [SHIELDED] Notification server active on Port 3000
20260310:003141.135: INFO: Server is now running.
20260310:003244.469: INFO: Firebase Admin SDK initialized successfully.
20260310:003244.946: INFO: Starting the Telegram bot...
20260310:003244.948: INFO: Bot has been initialized.
20260310:003244.949: INFO: Bot is now running.
20260310:003244.949: INFO: Starting the Telegram Server...
20260310:003244.953: INFO: 🚀 [SHIELDED] Notification server active on Port 3000
20260310:003244.953: INFO: Server is now running.
20260310:003345.466: INFO: Firebase Admin SDK initialized successfully.
20260310:003345.980: INFO: Starting the Telegram bot...
20260310:003345.983: INFO: Bot has been initialized.
20260310:003345.984: INFO: Bot is now running.
20260310:003345.984: INFO: Starting the Telegram Server...
20260310:003345.988: INFO: 🚀 [SHIELDED] Notification server active on Port 3000
20260310:003345.988: INFO: Server is now running.
20260310:003356.959: INFO: Firebase Admin SDK initialized successfully.
20260310:003357.509: INFO: Bot has been initialized.
20260310:003357.507: INFO: Starting the Telegram bot...
20260310:003357.510: INFO: Starting the Telegram Server...
20260310:003357.510: INFO: Bot is now running.
20260310:003357.514: INFO: 🚀 [SHIELDED] Notification server active on Port 3000
20260310:003357.514: INFO: Server is now running.
20260310:003416.943: INFO: Firebase Admin SDK initialized successfully.
20260310:003417.471: INFO: Starting the Telegram bot...
20260310:003417.474: INFO: Bot has been initialized.
20260310:003417.475: INFO: Bot is now running.
20260310:003417.475: INFO: Starting the Telegram Server...
20260310:003417.479: INFO: 🚀 [SHIELDED] Notification server active on Port 3000
20260310:003417.479: INFO: Server is now running.
20260310:003433.906: INFO: Firebase Admin SDK initialized successfully.
20260310:003434.433: INFO: Starting the Telegram bot...
20260310:003434.436: INFO: Bot has been initialized.
20260310:003434.437: INFO: Bot is now running.
20260310:003434.437: INFO: Starting the Telegram Server...
20260310:003434.441: INFO: 🚀 [SHIELDED] Notification server active on Port 3000
20260310:003434.442: INFO: Server is now running.
20260310:003526.757: INFO: Firebase Admin SDK initialized successfully.
20260310:003527.298: INFO: Starting the Telegram bot...
20260310:003527.302: INFO: Starting the Telegram Server...
20260310:003527.306: INFO: 🚀 [SHIELDED] Notification server active on Port 3000
20260310:003527.301: INFO: Bot has been initialized.
20260310:003527.302: INFO: Bot is now running.
20260310:003527.306: INFO: Server is now running.
20260310:003539.556: INFO: Firebase Admin SDK initialized successfully.
20260310:003540.185: INFO: Starting the Telegram bot...
20260310:003540.188: INFO: Bot has been initialized.
20260310:003540.189: INFO: Bot is now running.
20260310:003540.190: INFO: Starting the Telegram Server...
20260310:003540.194: INFO: 🚀 [SHIELDED] Notification server active on Port 3000
20260310:003540.194: INFO: Server is now running.
20260310:003656.108: INFO: [MESSAGE] From: MH Shuaib (@shuaibabs) [ID: 1336020357] | Text: start
20260310:003713.087: INFO: [CALLBACK] From: MH Shuaib (@shuaibabs) [ID: 1336020357] | Data: inv_detail
20260310:003738.390: INFO: [MESSAGE] From: MH Shuaib (@shuaibabs) [ID: 1336020357] | Text: 2265467863
20260310:003816.534: INFO: [CALLBACK] From: MH Shuaib (@shuaibabs) [ID: 1336020357] | Data: inv_upd_stat
20260310:003821.660: INFO: [CALLBACK] From: MH Shuaib (@shuaibabs) [ID: 1336020357] | Data: upd_stat_type_SalePrice
20260310:003844.632: INFO: [MESSAGE] From: MH Shuaib (@shuaibabs) [ID: 1336020357] | Text: 2265467863
20260310:003851.729: INFO: [MESSAGE] From: MH Shuaib (@shuaibabs) [ID: 1336020357] | Text: 2500
20260310:003854.576: INFO: [CALLBACK] From: MH Shuaib (@shuaibabs) [ID: 1336020357] | Data: upd_stat_confirm
20260310:003930.0004: INFO: [CALLBACK] From: MH Shuaib (@shuaibabs) [ID: 1336020357] | Data: inv_add
20260310:003933.0004: INFO: [CALLBACK] From: MH Shuaib (@shuaibabs) [ID: 1336020357] | Data: add_num_cancel
20260310:003946.182: INFO: [CALLBACK] From: MH Shuaib (@shuaibabs) [ID: 1336020357] | Data: inv_sold
20260310:004015.603: INFO: [MESSAGE] From: MH Shuaib (@shuaibabs) [ID: 1336020357] | Text: 2265467863, 3311743236
20260310:004024.113: INFO: [MESSAGE] From: MH Shuaib (@shuaibabs) [ID: 1336020357] | Text: 1500
20260310:004128.806: INFO: 📡 Broadcast completed: ["Sent to Group: -5236238593","Mirrored to Master Channel: -1003692219115"]
20260310:004128.835: INFO: [CALLBACK] From: MH Shuaib (@shuaibabs) [ID: 1336020357] | Data: sold_cancel
20260310:004140.669: INFO: [MESSAGE] From: MH Shuaib (@shuaibabs) [ID: 1336020357] | Text: start
20260310:004150.394: INFO: [CALLBACK] From: MH Shuaib (@shuaibabs) [ID: 1336020357] | Data: inv_sold
20260310:004154.503: INFO: [MESSAGE] From: MH Shuaib (@shuaibabs) [ID: 1336020357] | Text: 2265467863, 3311743236
20260310:004202.013: INFO: [MESSAGE] From: MH Shuaib (@shuaibabs) [ID: 1336020357] | Text: 15000
20260310:004213.460: INFO: [CALLBACK] From: MH Shuaib (@shuaibabs) [ID: 1336020357] | Data: sold_vd_hashmivipnumbers
20260310:004225.501: INFO: [CALLBACK] From: MH Shuaib (@shuaibabs) [ID: 1336020357] | Data: sold_date_today
20260310:004239.462: INFO: [CALLBACK] From: MH Shuaib (@shuaibabs) [ID: 1336020357] | Data: sold_confirm
20260310:004416.772: INFO: [MESSAGE] From: MH Shuaib (@shuaibabs) [ID: 1336020357] | Text: start
20260310:004423.211: INFO: [CALLBACK] From: MH Shuaib (@shuaibabs) [ID: 1336020357] | Data: inv_prebook
20260310:004643.114: INFO: [CALLBACK] From: MH Shuaib (@shuaibabs) [ID: 1336020357] | Data: prebook_cancel
20260310:004644.884: INFO: [CALLBACK] From: MH Shuaib (@shuaibabs) [ID: 1336020357] | Data: inv_search
20260310:004652.198: INFO: [CALLBACK] From: MH Shuaib (@shuaibabs) [ID: 1336020357] | Data: search_cancel
20260310:004654.930: INFO: [CALLBACK] From: MH Shuaib (@shuaibabs) [ID: 1336020357] | Data: inv_prebook
20260310:004740.184: INFO: [MESSAGE] From: MH Shuaib (@shuaibabs) [ID: 1336020357] | Text: 1635048747
20260310:004745.163: INFO: [CALLBACK] From: MH Shuaib (@shuaibabs) [ID: 1336020357] | Data: prebook_confirm
20260310:004853.377: INFO: [CALLBACK] From: MH Shuaib (@shuaibabs) [ID: 1336020357] | Data: search_type_must
20260310:004904.433: INFO: [CALLBACK] From: MH Shuaib (@shuaibabs) [ID: 1336020357] | Data: inv_search
20260310:004908.021: INFO: [CALLBACK] From: MH Shuaib (@shuaibabs) [ID: 1336020357] | Data: search_type_adv
20260310:004920.898: INFO: [CALLBACK] From: MH Shuaib (@shuaibabs) [ID: 1336020357] | Data: search_set_startWith
20260310:004924.772: INFO: [MESSAGE] From: MH Shuaib (@shuaibabs) [ID: 1336020357] | Text: 22
20260310:004933.954: INFO: [CALLBACK] From: MH Shuaib (@shuaibabs) [ID: 1336020357] | Data: search_apply
20260310:005007.533: INFO: [CALLBACK] From: MH Shuaib (@shuaibabs) [ID: 1336020357] | Data: inv_search
20260310:005012.780: INFO: [CALLBACK] From: MH Shuaib (@shuaibabs) [ID: 1336020357] | Data: search_type_must
20260310:005128.180: INFO: [MESSAGE] From: MH Shuaib (@shuaibabs) [ID: 1336020357] | Text: 1,7,4,2,9,0
20260310:005206.168: INFO: [MESSAGE] From: Trionex Digital (@trionex_digital) [ID: 8556471471] | Text: Start
20260310:005207.986: WARN: Permission denied: User @trionex_digital has role 'employee', but 'admin' is required.
20260310:005213.603: INFO: [CALLBACK] From: Trionex Digital (@trionex_digital) [ID: 8556471471] | Data: inv_detail
20260310:005222.671: INFO: [MESSAGE] From: Trionex Digital (@trionex_digital) [ID: 8556471471] | Text: 2200220022
20260310:005237.742: INFO: [CALLBACK] From: Trionex Digital (@trionex_digital) [ID: 8556471471] | Data: inv_del
20260310:005238.107: WARN: Permission denied: User @trionex_digital has role 'employee', but 'admin' is required.
20260310:005545.901: ERROR: Polling error: EFATAL: Error: read ECONNRESET
