20260312:000255.196: INFO: 📡 Broadcast completed: ["Sent to Group: -5236238593","Mirrored to Master Channel: -1003692219115"]
20260312:003540.806: INFO: 📡 Broadcast completed: ["Sent to Group: -5236238593","Mirrored to Master Channel: -1003692219115"]
20260312:003558.013: INFO: 📡 Broadcast completed: ["Sent to Group: -5236238593","Mirrored to Master Channel: -1003692219115"]
20260312:003614.383: INFO: 📡 Broadcast completed: ["Sent to Group: -5236238593","Mirrored to Master Channel: -1003692219115"]
20260312:004426.092: INFO: Firebase Admin SDK initialized successfully.
20260312:004426.621: INFO: Starting the Telegram bot...
20260312:004426.625: INFO: Starting the Telegram Server...
20260312:004426.624: INFO: Bot has been initialized.
20260312:004426.624: INFO: Bot is now running.
20260312:004426.629: INFO: 🚀 [SHIELDED] Notification server active on Port 3000
20260312:004426.629: INFO: Server is now running.
20260312:005713.079: INFO: Firebase Admin SDK initialized successfully.
20260312:005713.681: INFO: Starting the Telegram bot...
20260312:005713.685: INFO: Bot is now running.
20260312:005713.684: INFO: Bot has been initialized.
20260312:005713.686: INFO: Starting the Telegram Server...
20260312:005713.690: INFO: 🚀 [SHIELDED] Notification server active on Port 3000
20260312:005713.690: INFO: Server is now running.
20260312:010307.866: INFO: Firebase Admin SDK initialized successfully.
20260312:010308.571: INFO: Bot is now running.
20260312:010308.566: INFO: Starting the Telegram bot...
20260312:010308.570: INFO: Bot has been initialized.
20260312:010308.577: INFO: 🚀 [SHIELDED] Notification server active on Port 3000
20260312:010308.572: INFO: Starting the Telegram Server...
20260312:010308.577: INFO: Server is now running.
20260312:010339.284: INFO: Firebase Admin SDK initialized successfully.
20260312:010339.857: INFO: Starting the Telegram bot...
20260312:010339.861: INFO: Bot is now running.
20260312:010339.860: INFO: Bot has been initialized.
20260312:010339.861: INFO: Starting the Telegram Server...
20260312:010339.865: INFO: 🚀 [SHIELDED] Notification server active on Port 3000
20260312:010339.866: INFO: Server is now running.
20260312:010356.721: INFO: Firebase Admin SDK initialized successfully.
20260312:010357.291: INFO: Starting the Telegram bot...
20260312:010357.295: INFO: Bot is now running.
20260312:010357.294: INFO: Bot has been initialized.
20260312:010357.295: INFO: Starting the Telegram Server...
20260312:010357.300: INFO: 🚀 [SHIELDED] Notification server active on Port 3000
20260312:010357.300: INFO: Server is now running.
20260312:011030.940: INFO: Firebase Admin SDK initialized successfully.
20260312:011031.457: INFO: Starting the Telegram bot...
20260312:011031.460: INFO: Bot has been initialized.
20260312:011031.461: INFO: Starting the Telegram Server...
20260312:011031.460: INFO: Bot is now running.
20260312:011031.464: INFO: 🚀 [SHIELDED] Notification server active on Port 3000
20260312:011031.465: INFO: Server is now running.
