20260309:000005.439: INFO: [MESSAGE] From: MH Shuaib (@shuaibabs) [ID: 1336020357] | Text: 1000
20260309:000010.115: INFO: [CALLBACK] From: MH Shuaib (@shuaibabs) [ID: 1336020357] | Data: add_num_owner_Individual
20260309:000011.982: INFO: [CALLBACK] From: MH Shuaib (@shuaibabs) [ID: 1336020357] | Data: add_num_rtp_RTP
20260309:000013.880: INFO: [CALLBACK] From: MH Shuaib (@shuaibabs) [ID: 1336020357] | Data: add_num_upload_Pending
20260309:000017.837: INFO: [MESSAGE] From: MH Shuaib (@shuaibabs) [ID: 1336020357] | Text: Shamli
20260309:000019.915: INFO: [CALLBACK] From: MH Shuaib (@shuaibabs) [ID: 1336020357] | Data: add_num_loctype_Dealer
20260309:000022.480: INFO: [CALLBACK] From: MH Shuaib (@shuaibabs) [ID: 1336020357] | Data: add_num_assign_Tum71bdidON0MBKTix6tNfrdkWy1
20260309:000024.617: INFO: [CALLBACK] From: MH Shuaib (@shuaibabs) [ID: 1336020357] | Data: add_num_final_confirm
20260309:000625.865: INFO: Firebase Admin SDK initialized successfully.
20260309:000626.341: INFO: Starting the Telegram bot...
20260309:000626.344: INFO: Bot has been initialized.
20260309:000626.345: INFO: Starting the Telegram Server...
20260309:000626.345: INFO: Bot is now running.
20260309:000626.349: INFO: 🚀 [SHIELDED] Notification server active on Port 3000
20260309:000626.349: INFO: Server is now running.
20260309:000638.606: INFO: Firebase Admin SDK initialized successfully.
20260309:000639.340: INFO: Starting the Telegram bot...
20260309:000639.345: INFO: Bot is now running.
20260309:000639.344: INFO: Bot has been initialized.
20260309:000639.345: INFO: Starting the Telegram Server...
20260309:000639.349: INFO: 🚀 [SHIELDED] Notification server active on Port 3000
20260309:000639.350: INFO: Server is now running.
20260309:000651.228: INFO: Firebase Admin SDK initialized successfully.
20260309:000651.683: INFO: Starting the Telegram bot...
20260309:000651.687: INFO: Bot has been initialized.
20260309:000651.688: INFO: Starting the Telegram Server...
20260309:000651.688: INFO: Bot is now running.
20260309:000651.692: INFO: 🚀 [SHIELDED] Notification server active on Port 3000
20260309:000651.692: INFO: Server is now running.
20260309:000738.257: INFO: [MESSAGE] From: MH Shuaib (@shuaibabs) [ID: 1336020357] | Text: ee
20260309:000740.706: INFO: [CALLBACK] From: MH Shuaib (@shuaibabs) [ID: 1336020357] | Data: inventory_start
20260309:000744.855: INFO: [CALLBACK] From: MH Shuaib (@shuaibabs) [ID: 1336020357] | Data: inventory_add_number
20260309:000809.762: INFO: [MESSAGE] From: MH Shuaib (@shuaibabs) [ID: 1336020357] | Text: 2200220022, 0022002200, 3300330033
20260309:000811.235: INFO: [CALLBACK] From: MH Shuaib (@shuaibabs) [ID: 1336020357] | Data: add_num_type_Prepaid
20260309:000815.388: INFO: [MESSAGE] From: MH Shuaib (@shuaibabs) [ID: 1336020357] | Text: shamli
20260309:000828.616: INFO: [MESSAGE] From: MH Shuaib (@shuaibabs) [ID: 1336020357] | Text: 2026-03-08
20260309:000832.024: INFO: [MESSAGE] From: MH Shuaib (@shuaibabs) [ID: 1336020357] | Text: 500
20260309:000839.993: INFO: [MESSAGE] From: MH Shuaib (@shuaibabs) [ID: 1336020357] | Text: 1000
20260309:000842.310: INFO: [CALLBACK] From: MH Shuaib (@shuaibabs) [ID: 1336020357] | Data: add_num_owner_Individual
20260309:000843.999: INFO: [CALLBACK] From: MH Shuaib (@shuaibabs) [ID: 1336020357] | Data: add_num_rtp_RTP
20260309:000845.385: INFO: [CALLBACK] From: MH Shuaib (@shuaibabs) [ID: 1336020357] | Data: add_num_upload_Pending
20260309:000849.335: INFO: [MESSAGE] From: MH Shuaib (@shuaibabs) [ID: 1336020357] | Text: dsfdf
20260309:000851.263: INFO: [CALLBACK] From: MH Shuaib (@shuaibabs) [ID: 1336020357] | Data: add_num_loctype_Store
20260309:000854.635: INFO: [CALLBACK] From: MH Shuaib (@shuaibabs) [ID: 1336020357] | Data: add_num_assign_Tum71bdidON0MBKTix6tNfrdkWy1
20260309:000857.100: INFO: [CALLBACK] From: MH Shuaib (@shuaibabs) [ID: 1336020357] | Data: add_num_final_confirm
