20260308:000042.893: INFO: [MESSAGE] From: MH Shuaib (@shuaibabs) [ID: 1336020357] | Text: start
20260308:000045.850: INFO: [CALLBACK] From: MH Shuaib (@shuaibabs) [ID: 1336020357] | Data: manage_users_list
20260308:000057.545: INFO: [CALLBACK] From: MH Shuaib (@shuaibabs) [ID: 1336020357] | Data: manage_users_delete
20260308:000102.333: INFO: [CALLBACK] From: MH Shuaib (@shuaibabs) [ID: 1336020357] | Data: delete_user_select_bC9sdZukzKPhuSfznZAnnU2R7tO2
20260308:000105.101: INFO: [CALLBACK] From: MH Shuaib (@shuaibabs) [ID: 1336020357] | Data: delete_user_confirm_yes
20260308:001211.971: INFO: Bot has been initialized.
20260308:001211.597: INFO: Firebase Admin SDK initialized successfully.
20260308:001211.967: INFO: Starting the Telegram bot...
20260308:001211.977: INFO: 🚀 [SHIELDED] Notification server active on Port 3000
20260308:001211.972: INFO: Bot is now running.
20260308:001211.972: INFO: Starting the Telegram Server...
20260308:001211.978: INFO: Server is now running.
20260308:001425.988: INFO: Firebase Admin SDK initialized successfully.
20260308:001426.394: INFO: Starting the Telegram bot...
20260308:001426.396: INFO: Bot has been initialized.
20260308:001426.397: INFO: Starting the Telegram Server...
20260308:001426.397: INFO: Bot is now running.
20260308:001426.401: INFO: 🚀 [SHIELDED] Notification server active on Port 3000
20260308:001426.401: INFO: Server is now running.
20260308:001654.301: INFO: [MESSAGE] From: MH Shuaib (@shuaibabs) [ID: 1336020357] | Text: gg
20260308:001656.584: INFO: [CALLBACK] From: MH Shuaib (@shuaibabs) [ID: 1336020357] | Data: manage_users_start
20260308:001700.688: INFO: [CALLBACK] From: MH Shuaib (@shuaibabs) [ID: 1336020357] | Data: manage_users_add
20260308:001712.034: INFO: [MESSAGE] From: MH Shuaib (@shuaibabs) [ID: 1336020357] | Text: Rimsha New
20260308:001724.899: INFO: [MESSAGE] From: MH Shuaib (@shuaibabs) [ID: 1336020357] | Text: rimshakassar@gmail.com
20260308:001727.468: INFO: [CALLBACK] From: MH Shuaib (@shuaibabs) [ID: 1336020357] | Data: create_user_role_admin
20260308:001734.623: INFO: [MESSAGE] From: MH Shuaib (@shuaibabs) [ID: 1336020357] | Text: rimsha_001
20260308:001745.642: INFO: [MESSAGE] From: MH Shuaib (@shuaibabs) [ID: 1336020357] | Text: Rimsha@1234
20260308:001801.285: INFO: [CALLBACK] From: MH Shuaib (@shuaibabs) [ID: 1336020357] | Data: create_user_confirm_yes
20260308:001804.602: ERROR: Failed to create Firebase Auth user: The email address is already in use by another account.
20260308:001837.738: INFO: [CALLBACK] From: MH Shuaib (@shuaibabs) [ID: 1336020357] | Data: manage_users_add
20260308:001846.471: INFO: [CALLBACK] From: MH Shuaib (@shuaibabs) [ID: 1336020357] | Data: cancel_flow
20260308:001849.991: INFO: [CALLBACK] From: MH Shuaib (@shuaibabs) [ID: 1336020357] | Data: manage_users_add
20260308:001859.840: INFO: [MESSAGE] From: MH Shuaib (@shuaibabs) [ID: 1336020357] | Text: Trionex Digital
20260308:001910.951: INFO: [MESSAGE] From: MH Shuaib (@shuaibabs) [ID: 1336020357] | Text: trionexdigital@gmail.com
20260308:001914.034: INFO: [CALLBACK] From: MH Shuaib (@shuaibabs) [ID: 1336020357] | Data: create_user_role_admin
20260308:001927.781: INFO: [MESSAGE] From: MH Shuaib (@shuaibabs) [ID: 1336020357] | Text: trionex_001
20260308:001937.420: INFO: [MESSAGE] From: MH Shuaib (@shuaibabs) [ID: 1336020357] | Text: Trionex@1234
20260308:001939.128: INFO: [CALLBACK] From: MH Shuaib (@shuaibabs) [ID: 1336020357] | Data: create_user_confirm_yes
20260308:001942.277: INFO: Firebase Auth user created for trionexdigital@gmail.com with UID: Q9lw4jozyiarQDMZbLTq7MocnCB3
20260308:001942.803: INFO: User Trionex Digital saved to Firestore.
20260308:002002.720: INFO: [MESSAGE] From: MH Shuaib (@shuaibabs) [ID: 1336020357] | Text: start
20260308:002006.489: INFO: [CALLBACK] From: MH Shuaib (@shuaibabs) [ID: 1336020357] | Data: manage_users_delete
20260308:002010.457: INFO: [CALLBACK] From: MH Shuaib (@shuaibabs) [ID: 1336020357] | Data: delete_user_select_Q9lw4jozyiarQDMZbLTq7MocnCB3
20260308:002012.756: INFO: [CALLBACK] From: MH Shuaib (@shuaibabs) [ID: 1336020357] | Data: delete_user_confirm_yes
20260308:002014.090: INFO: User trionexdigital@gmail.com deleted from Firebase Auth.
20260308:002014.849: INFO: User document Q9lw4jozyiarQDMZbLTq7MocnCB3 deleted from Firestore.
20260308:002029.795: INFO: [CALLBACK] From: MH Shuaib (@shuaibabs) [ID: 1336020357] | Data: manage_users_list
20260308:002233.619: INFO: [CALLBACK] From: MH Shuaib (@shuaibabs) [ID: 1336020357] | Data: manage_users_delete
20260308:002237.464: INFO: [CALLBACK] From: MH Shuaib (@shuaibabs) [ID: 1336020357] | Data: delete_user_select_akYeDy53y5bANiLzHVlS7EtQ8rS2
20260308:002239.854: INFO: [CALLBACK] From: MH Shuaib (@shuaibabs) [ID: 1336020357] | Data: delete_user_confirm_yes
20260308:002241.201: INFO: User trionexdigital@gmail.com deleted from Firebase Auth.
20260308:002241.926: INFO: User document akYeDy53y5bANiLzHVlS7EtQ8rS2 deleted from Firestore.
20260308:004226.062: INFO: [CALLBACK] From: MH Shuaib (@shuaibabs) [ID: 1336020357] | Data: manage_users_list
20260308:004745.594: INFO: [MESSAGE] From: MH Shuaib (@shuaibabs) [ID: 1336020357] | Text: [No Text]
20260308:004826.839: INFO: [MESSAGE] From: MH Shuaib (@shuaibabs) [ID: 1336020357] | Text: [No Text]
20260308:004851.142: INFO: [MESSAGE] From: MH Shuaib (@shuaibabs) [ID: 1336020357] | Text: [No Text]
20260308:004911.803: INFO: [MESSAGE] From: MH Shuaib (@shuaibabs) [ID: 1336020357] | Text: [No Text]
20260308:004938.952: INFO: [MESSAGE] From: MH Shuaib (@shuaibabs) [ID: 1336020357] | Text: [No Text]
20260308:004954.600: INFO: [MESSAGE] From: Trionex Digital (@trionex_digital) [ID: 8556471471] | Text: Hg
20260308:004956.258: INFO: [CALLBACK] From: Trionex Digital (@trionex_digital) [ID: 8556471471] | Data: manage_activities_start
20260308:005000.207: INFO: [CALLBACK] From: Trionex Digital (@trionex_digital) [ID: 8556471471] | Data: view_recent_10
20260308:005016.291: INFO: [MESSAGE] From: Trionex Digital (@trionex_digital) [ID: 8556471471] | Text: Hehs
20260308:005019.082: INFO: [CALLBACK] From: Trionex Digital (@trionex_digital) [ID: 8556471471] | Data: manage_users_start
20260308:005020.076: WARN: Permission check failed: User @trionex_digital not found in database.
20260308:005107.668: INFO: [CALLBACK] From: MH Shuaib (@shuaibabs) [ID: 1336020357] | Data: manage_users_start
20260308:005111.562: INFO: [CALLBACK] From: MH Shuaib (@shuaibabs) [ID: 1336020357] | Data: manage_users_list
20260308:005115.647: INFO: [CALLBACK] From: MH Shuaib (@shuaibabs) [ID: 1336020357] | Data: manage_users_add
20260308:005126.776: INFO: [MESSAGE] From: MH Shuaib (@shuaibabs) [ID: 1336020357] | Text: Trionex Digital
20260308:005142.923: INFO: [MESSAGE] From: MH Shuaib (@shuaibabs) [ID: 1336020357] | Text: trionexdigital@gmail.com
20260308:005145.460: INFO: [CALLBACK] From: MH Shuaib (@shuaibabs) [ID: 1336020357] | Data: create_user_role_employee
20260308:005153.733: INFO: [MESSAGE] From: MH Shuaib (@shuaibabs) [ID: 1336020357] | Text: trionex_digital
20260308:005203.108: INFO: [MESSAGE] From: MH Shuaib (@shuaibabs) [ID: 1336020357] | Text: Trionex@1234
20260308:005207.234: INFO: [CALLBACK] From: MH Shuaib (@shuaibabs) [ID: 1336020357] | Data: create_user_confirm_yes
20260308:005210.458: INFO: Firebase Auth user created for trionexdigital@gmail.com with UID: kJ76NfiXUtN8iP8WMNoO2k2uHwS2
20260308:005210.917: INFO: User Trionex Digital saved to Firestore.
20260308:005221.158: INFO: [MESSAGE] From: Trionex Digital (@trionex_digital) [ID: 8556471471] | Text: Start
20260308:005221.539: WARN: Permission denied: User @trionex_digital has role 'employee', but 'admin' is required.
20260308:005233.240: INFO: [MESSAGE] From: Trionex Digital (@trionex_digital) [ID: 8556471471] | Text: Eurhr
20260308:005237.628: INFO: [CALLBACK] From: Trionex Digital (@trionex_digital) [ID: 8556471471] | Data: manage_users_start
20260308:005238.0008: WARN: Permission denied: User @trionex_digital has role 'employee', but 'admin' is required.
20260308:005250.435: INFO: [CALLBACK] From: Trionex Digital (@trionex_digital) [ID: 8556471471] | Data: manage_users_start
20260308:005250.819: WARN: Permission denied: User @trionex_digital has role 'employee', but 'admin' is required.
20260308:005301.645: INFO: [CALLBACK] From: Trionex Digital (@trionex_digital) [ID: 8556471471] | Data: manage_users_start
20260308:005302.076: WARN: Permission denied: User @trionex_digital has role 'employee', but 'admin' is required.
20260308:005312.648: INFO: [MESSAGE] From: Trionex Digital (@trionex_digital) [ID: 8556471471] | Text: Start
20260308:005313.020: WARN: Permission denied: User @trionex_digital has role 'employee', but 'admin' is required.
20260308:005353.966: INFO: [MESSAGE] From: Trionex Digital (@trionex_digital) [ID: 8556471471] | Text: Start
20260308:005356.433: INFO: [CALLBACK] From: Trionex Digital (@trionex_digital) [ID: 8556471471] | Data: view_all_activities
20260308:005904.616: INFO: Firebase Admin SDK initialized successfully.
20260308:005905.090: INFO: Starting the Telegram bot...
20260308:005905.093: INFO: Bot has been initialized.
20260308:005905.094: INFO: Bot is now running.
20260308:005905.094: INFO: Starting the Telegram Server...
20260308:005905.099: INFO: 🚀 [SHIELDED] Notification server active on Port 3000
20260308:005905.100: INFO: Server is now running.
20260308:005942.557: INFO: [MESSAGE] From: Trionex Digital (@trionex_digital) [ID: 8556471471] | Text: Shsh
20260308:005944.229: INFO: [CALLBACK] From: Trionex Digital (@trionex_digital) [ID: 8556471471] | Data: manage_activities_start
20260308:005946.927: INFO: [CALLBACK] From: Trionex Digital (@trionex_digital) [ID: 8556471471] | Data: clear_activities_start
20260308:005949.076: WARN: Permission denied: User @trionex_digital has role 'employee', but 'admin' is required.
20260308:005956.118: INFO: [MESSAGE] From: Trionex Digital (@trionex_digital) [ID: 8556471471] | Text: Start
20260308:005958.110: INFO: [CALLBACK] From: Trionex Digital (@trionex_digital) [ID: 8556471471] | Data: delete_act_start
20260308:005959.806: WARN: Permission denied: User @trionex_digital has role 'employee', but 'admin' is required.
20260308:010000.418: INFO: [CALLBACK] From: Trionex Digital (@trionex_digital) [ID: 8556471471] | Data: delete_act_select_75KP1GdREihUOyLiKmoE
20260308:010005.969: INFO: [CALLBACK] From: Trionex Digital (@trionex_digital) [ID: 8556471471] | Data: delete_act_confirm_yes
20260308:011426.643: INFO: [MESSAGE] From: Trionex Digital (@trionex_digital) [ID: 8556471471] | Text: Start
20260308:011438.087: INFO: [MESSAGE] From: Trionex Digital (@trionex_digital) [ID: 8556471471] | Text: Start
20260308:011439.957: WARN: Permission denied: User @trionex_digital has role 'employee', but 'admin' is required.
20260308:011443.999: INFO: [MESSAGE] From: Trionex Digital (@trionex_digital) [ID: 8556471471] | Text: Hehs
20260308:011445.650: INFO: [CALLBACK] From: Trionex Digital (@trionex_digital) [ID: 8556471471] | Data: manage_users_start
20260308:011446.025: WARN: Permission denied: User @trionex_digital has role 'employee', but 'admin' is required.
20260308:012017.149: INFO: Firebase Admin SDK initialized successfully.
20260308:012017.568: INFO: Starting the Telegram bot...
20260308:012017.571: INFO: Bot has been initialized.
20260308:012017.571: INFO: Bot is now running.
20260308:012017.572: INFO: Starting the Telegram Server...
20260308:012017.575: INFO: 🚀 [SHIELDED] Notification server active on Port 3000
20260308:012017.575: INFO: Server is now running.
20260308:012034.541: INFO: Firebase Admin SDK initialized successfully.
20260308:012034.941: INFO: Bot is now running.
20260308:012034.937: INFO: Starting the Telegram bot...
20260308:012034.940: INFO: Bot has been initialized.
20260308:012034.942: INFO: Starting the Telegram Server...
20260308:012034.948: INFO: 🚀 [SHIELDED] Notification server active on Port 3000
20260308:012034.948: INFO: Server is now running.
20260308:012108.374: INFO: [MESSAGE] From: Trionex Digital (@trionex_digital) [ID: 8556471471] | Text: Start
20260308:012110.438: WARN: Permission denied: User @trionex_digital has role 'employee', but 'admin' is required.
20260308:012148.598: INFO: [MESSAGE] From: MH Shuaib (@shuaibabs) [ID: 1336020357] | Text: start
20260308:012157.503: INFO: [MESSAGE] From: MH Shuaib (@shuaibabs) [ID: 1336020357] | Text: rgr
20260308:012158.787: INFO: [CALLBACK] From: MH Shuaib (@shuaibabs) [ID: 1336020357] | Data: manage_activities_start
20260308:012207.476: INFO: [CALLBACK] From: Trionex Digital (@trionex_digital) [ID: 8556471471] | Data: delete_act_start
20260308:012209.203: WARN: Permission denied: User @trionex_digital has role 'employee', but 'admin' is required.
20260308:012220.239: INFO: [CALLBACK] From: Trionex Digital (@trionex_digital) [ID: 8556471471] | Data: delete_act_select_PZuTRAZtbOa1QmradoKC
20260308:012223.063: INFO: [CALLBACK] From: Trionex Digital (@trionex_digital) [ID: 8556471471] | Data: delete_act_confirm_yes
20260308:013055.989: INFO: Firebase Admin SDK initialized successfully.
20260308:013056.417: INFO: Bot has been initialized.
20260308:013056.415: INFO: Starting the Telegram bot...
20260308:013056.418: INFO: Bot is now running.
20260308:013056.418: INFO: Starting the Telegram Server...
20260308:013056.422: INFO: 🚀 [SHIELDED] Notification server active on Port 3000
20260308:013056.422: INFO: Server is now running.
20260308:013121.807: INFO: Firebase Admin SDK initialized successfully.
20260308:013122.196: INFO: Starting the Telegram bot...
20260308:013122.200: INFO: Bot is now running.
20260308:013122.199: INFO: Bot has been initialized.
20260308:013122.200: INFO: Starting the Telegram Server...
20260308:013122.204: INFO: 🚀 [SHIELDED] Notification server active on Port 3000
20260308:013122.205: INFO: Server is now running.
20260308:013146.229: INFO: Firebase Admin SDK initialized successfully.
20260308:013146.761: INFO: Starting the Telegram bot...
20260308:013146.766: INFO: Bot is now running.
20260308:013146.765: INFO: Bot has been initialized.
20260308:013146.771: INFO: 🚀 [SHIELDED] Notification server active on Port 3000
20260308:013146.767: INFO: Starting the Telegram Server...
20260308:013146.771: INFO: Server is now running.
20260308:013329.983: INFO: Firebase Admin SDK initialized successfully.
20260308:013330.387: INFO: Starting the Telegram bot...
20260308:013330.390: INFO: Bot has been initialized.
20260308:013330.391: INFO: Bot is now running.
20260308:013330.391: INFO: Starting the Telegram Server...
20260308:013330.395: INFO: 🚀 [SHIELDED] Notification server active on Port 3000
20260308:013330.396: INFO: Server is now running.
20260308:013427.881: INFO: [MESSAGE] From: Trionex Digital (@trionex_digital) [ID: 8556471471] | Text: Start
20260308:013429.941: WARN: Permission denied: User @trionex_digital has role 'employee', but 'admin' is required.
20260308:013440.015: INFO: [MESSAGE] From: Trionex Digital (@trionex_digital) [ID: 8556471471] | Text: Hdhd
20260308:013441.864: INFO: [CALLBACK] From: Trionex Digital (@trionex_digital) [ID: 8556471471] | Data: manage_activities_start
20260308:013443.809: WARN: Permission denied: User @trionex_digital has role 'employee', but 'admin' is required.
20260308:013505.336: INFO: [MESSAGE] From: MH Shuaib (@shuaibabs) [ID: 1336020357] | Text: start
20260308:013512.210: INFO: [CALLBACK] From: Trionex Digital (@trionex_digital) [ID: 8556471471] | Data: delete_act_start
20260308:013512.621: WARN: Permission denied: User @trionex_digital has role 'employee', but 'admin' is required.
20260308:013550.951: INFO: [CALLBACK] From: MH Shuaib (@shuaibabs) [ID: 1336020357] | Data: delete_act_start
20260308:013554.680: INFO: [CALLBACK] From: MH Shuaib (@shuaibabs) [ID: 1336020357] | Data: delete_act_cancel
20260308:013607.807: INFO: [MESSAGE] From: MH Shuaib (@shuaibabs) [ID: 1336020357] | Text: start
20260308:013611.199: INFO: [CALLBACK] From: MH Shuaib (@shuaibabs) [ID: 1336020357] | Data: manage_users_list
20260308:013621.136: INFO: [MESSAGE] From: Trionex Digital (@trionex_digital) [ID: 8556471471] | Text: Gdhd
20260308:013622.477: INFO: [CALLBACK] From: Trionex Digital (@trionex_digital) [ID: 8556471471] | Data: manage_users_start
20260308:013622.866: WARN: Permission denied: User @trionex_digital has role 'employee', but 'admin' is required.
20260308:013631.509: INFO: [MESSAGE] From: Trionex Digital (@trionex_digital) [ID: 8556471471] | Text: Start
20260308:013631.879: WARN: Permission denied: User @trionex_digital has role 'employee', but 'admin' is required.
20260308:013914.763: INFO: Firebase Admin SDK initialized successfully.
20260308:013915.149: INFO: Bot has been initialized.
20260308:013915.146: INFO: Starting the Telegram bot...
20260308:013915.150: INFO: Starting the Telegram Server...
20260308:013915.150: INFO: Bot is now running.
20260308:013915.154: INFO: 🚀 [SHIELDED] Notification server active on Port 3000
20260308:013915.154: INFO: Server is now running.
20260308:014013.372: INFO: [MESSAGE] From: Trionex Digital (@trionex_digital) [ID: 8556471471] | Text: Start
20260308:014015.922: WARN: Permission denied: User @trionex_digital has role 'employee', but 'admin' is required.
20260308:014019.048: INFO: [CALLBACK] From: Trionex Digital (@trionex_digital) [ID: 8556471471] | Data: view_recent_10
20260308:014033.133: INFO: [MESSAGE] From: MH Shuaib (@shuaibabs) [ID: 1336020357] | Text: start
20260308:014040.731: INFO: [CALLBACK] From: Trionex Digital (@trionex_digital) [ID: 8556471471] | Data: delete_act_start
20260308:014041.175: WARN: Permission denied: User @trionex_digital has role 'employee', but 'admin' is required.
20260308:014053.663: INFO: [CALLBACK] From: MH Shuaib (@shuaibabs) [ID: 1336020357] | Data: delete_act_start
20260308:014057.824: INFO: [CALLBACK] From: MH Shuaib (@shuaibabs) [ID: 1336020357] | Data: delete_act_cancel
20260308:014314.085: INFO: Firebase Admin SDK initialized successfully.
20260308:014314.448: INFO: Starting the Telegram bot...
20260308:014314.451: INFO: Bot has been initialized.
20260308:014314.452: INFO: Starting the Telegram Server...
20260308:014314.452: INFO: Bot is now running.
20260308:014314.456: INFO: 🚀 [SHIELDED] Notification server active on Port 3000
20260308:014314.457: INFO: Server is now running.
20260308:014325.663: INFO: Firebase Admin SDK initialized successfully.
20260308:014326.070: INFO: Starting the Telegram bot...
20260308:014326.075: INFO: Starting the Telegram Server...
20260308:014326.082: INFO: 🚀 [SHIELDED] Notification server active on Port 3000
20260308:014326.073: INFO: Bot has been initialized.
20260308:014326.074: INFO: Bot is now running.
20260308:014326.083: INFO: Server is now running.
20260308:211900.584: INFO: Firebase Admin SDK initialized successfully.
20260308:211901.025: INFO: Starting the Telegram bot...
20260308:211901.028: INFO: Bot has been initialized.
20260308:211901.029: INFO: Starting the Telegram Server...
20260308:211901.029: INFO: Bot is now running.
20260308:211901.032: INFO: 🚀 [SHIELDED] Notification server active on Port 3000
20260308:211901.033: INFO: Server is now running.
20260308:214729.758: INFO: Firebase Admin SDK initialized successfully.
20260308:214730.135: INFO: Bot has been initialized.
20260308:214730.132: INFO: Starting the Telegram bot...
20260308:214730.135: INFO: Bot is now running.
20260308:214730.135: INFO: Starting the Telegram Server...
20260308:214730.139: INFO: 🚀 [SHIELDED] Notification server active on Port 3000
20260308:214730.140: INFO: Server is now running.
20260308:214813.919: INFO: Firebase Admin SDK initialized successfully.
20260308:214814.295: INFO: Starting the Telegram bot...
20260308:214814.298: INFO: Bot has been initialized.
20260308:214814.299: INFO: Starting the Telegram Server...
20260308:214814.299: INFO: Bot is now running.
20260308:214814.303: INFO: 🚀 [SHIELDED] Notification server active on Port 3000
20260308:214814.303: INFO: Server is now running.
20260308:215414.024: INFO: User trionexdigital@gmail.com deleted from Firebase Auth.
20260308:215414.444: INFO: User document 6sabspwA7oQ2xEDrhCjUuXiC2L33 deleted from Firestore.
20260308:215416.065: INFO: 📡 Broadcast completed: ["Sent to Group: -5267103056","Mirrored to Master Channel: -1003692219115"]
20260308:215833.704: INFO: [MESSAGE] From: MH Shuaib (@shuaibabs) [ID: 1336020357] | Text: start
20260308:215836.459: INFO: [CALLBACK] From: MH Shuaib (@shuaibabs) [ID: 1336020357] | Data: manage_users_delete
20260308:215840.375: INFO: [CALLBACK] From: MH Shuaib (@shuaibabs) [ID: 1336020357] | Data: delete_user_select_6PTS18d5fzZKGzgmAl8clK32WC73
20260308:215844.047: INFO: [CALLBACK] From: MH Shuaib (@shuaibabs) [ID: 1336020357] | Data: delete_user_confirm_yes
20260308:215846.399: INFO: User trionexdigital@gmail.com deleted from Firebase Auth.
20260308:215846.856: INFO: User document 6PTS18d5fzZKGzgmAl8clK32WC73 deleted from Firestore.
20260308:215906.715: INFO: [CALLBACK] From: MH Shuaib (@shuaibabs) [ID: 1336020357] | Data: manage_users_add
20260308:215918.064: INFO: [MESSAGE] From: MH Shuaib (@shuaibabs) [ID: 1336020357] | Text: Trionex Digital
20260308:215929.087: INFO: [MESSAGE] From: MH Shuaib (@shuaibabs) [ID: 1336020357] | Text: trionexdigital@gmail.com
20260308:215935.809: INFO: [CALLBACK] From: MH Shuaib (@shuaibabs) [ID: 1336020357] | Data: create_user_role_employee
20260308:215945.654: INFO: [MESSAGE] From: MH Shuaib (@shuaibabs) [ID: 1336020357] | Text: trionex_digital
20260308:215952.894: INFO: [MESSAGE] From: MH Shuaib (@shuaibabs) [ID: 1336020357] | Text: Trionex@1234
20260308:215956.771: INFO: [CALLBACK] From: MH Shuaib (@shuaibabs) [ID: 1336020357] | Data: create_user_confirm_yes
20260308:220000.319: INFO: Firebase Auth user created for trionexdigital@gmail.com with UID: Tum71bdidON0MBKTix6tNfrdkWy1
20260308:220000.714: INFO: User Trionex Digital saved to Firestore.
20260308:221204.318: INFO: Firebase Admin SDK initialized successfully.
20260308:221204.698: INFO: Starting the Telegram bot...
20260308:221204.700: INFO: Bot has been initialized.
20260308:221204.701: INFO: Bot is now running.
20260308:221204.701: INFO: Starting the Telegram Server...
20260308:221204.705: INFO: 🚀 [SHIELDED] Notification server active on Port 3000
20260308:221204.705: INFO: Server is now running.
20260308:221256.667: INFO: Firebase Admin SDK initialized successfully.
20260308:221257.102: INFO: Starting the Telegram bot...
20260308:221257.105: INFO: Bot has been initialized.
20260308:221257.106: INFO: Bot is now running.
20260308:221257.106: INFO: Starting the Telegram Server...
20260308:221257.112: INFO: 🚀 [SHIELDED] Notification server active on Port 3000
20260308:221257.113: INFO: Server is now running.
20260308:221847.307: INFO: 📡 Broadcast completed: ["Sent to Group: -5236238593","Mirrored to Master Channel: -1003692219115"]
20260308:222014.667: INFO: [MESSAGE] From: MH Shuaib (@shuaibabs) [ID: 1336020357] | Text: start
20260308:222018.794: INFO: [CALLBACK] From: MH Shuaib (@shuaibabs) [ID: 1336020357] | Data: manage_users_edit
20260308:222026.028: INFO: [CALLBACK] From: MH Shuaib (@shuaibabs) [ID: 1336020357] | Data: edit_user_select_Tum71bdidON0MBKTix6tNfrdkWy1
20260308:222030.071: INFO: [CALLBACK] From: MH Shuaib (@shuaibabs) [ID: 1336020357] | Data: edit_user_field_name
20260308:222038.698: INFO: [MESSAGE] From: MH Shuaib (@shuaibabs) [ID: 1336020357] | Text: Trionex
20260308:222503.590: INFO: 📡 Broadcast completed: ["Sent to Group: -5236238593","Mirrored to Master Channel: -1003692219115"]
20260308:223024.171: INFO: 📡 Broadcast completed: ["Sent to Group: -5236238593","Mirrored to Master Channel: -1003692219115"]
20260308:223508.333: INFO: 📡 Broadcast completed: ["Sent to Group: -5236238593","Mirrored to Master Channel: -1003692219115"]
20260308:225432.508: INFO: Firebase Admin SDK initialized successfully.
20260308:225432.934: INFO: Starting the Telegram bot...
20260308:225432.938: INFO: Bot is now running.
20260308:225432.938: INFO: Starting the Telegram Server...
20260308:225432.937: INFO: Bot has been initialized.
20260308:225432.942: INFO: 🚀 [SHIELDED] Notification server active on Port 3000
20260308:225432.943: INFO: Server is now running.
20260308:234333.772: INFO: Starting the Telegram bot...
20260308:234333.774: INFO: Bot has been initialized.
20260308:234333.393: INFO: Firebase Admin SDK initialized successfully.
20260308:234333.775: INFO: Bot is now running.
20260308:234333.775: INFO: Starting the Telegram Server...
20260308:234333.779: INFO: 🚀 [SHIELDED] Notification server active on Port 3000
20260308:234333.779: INFO: Server is now running.
20260308:234344.594: INFO: Firebase Admin SDK initialized successfully.
20260308:234344.987: INFO: Starting the Telegram bot...
20260308:234344.990: INFO: Bot has been initialized.
20260308:234344.990: INFO: Bot is now running.
20260308:234344.990: INFO: Starting the Telegram Server...
20260308:234344.995: INFO: Server is now running.
20260308:234344.995: INFO: 🚀 [SHIELDED] Notification server active on Port 3000
20260308:234435.733: INFO: Firebase Admin SDK initialized successfully.
20260308:234436.117: INFO: Starting the Telegram bot...
20260308:234436.119: INFO: Bot has been initialized.
20260308:234436.120: INFO: Bot is now running.
20260308:234436.120: INFO: Starting the Telegram Server...
20260308:234436.124: INFO: 🚀 [SHIELDED] Notification server active on Port 3000
20260308:234436.124: INFO: Server is now running.
20260308:234443.319: INFO: Firebase Admin SDK initialized successfully.
20260308:234443.738: INFO: Starting the Telegram bot...
20260308:234443.741: INFO: Bot is now running.
20260308:234443.741: INFO: Bot has been initialized.
20260308:234443.741: INFO: Starting the Telegram Server...
20260308:234443.745: INFO: 🚀 [SHIELDED] Notification server active on Port 3000
20260308:234443.745: INFO: Server is now running.
20260308:234530.737: INFO: Firebase Admin SDK initialized successfully.
20260308:234531.155: INFO: Bot has been initialized.
20260308:234531.152: INFO: Starting the Telegram bot...
20260308:234531.155: INFO: Starting the Telegram Server...
20260308:234531.155: INFO: Bot is now running.
20260308:234531.160: INFO: 🚀 [SHIELDED] Notification server active on Port 3000
20260308:234531.160: INFO: Server is now running.
20260308:234637.664: INFO: [CALLBACK] From: MH Shuaib (@shuaibabs) [ID: 1336020357] | Data: manage_users_start
20260308:234648.018: INFO: [MESSAGE] From: MH Shuaib (@shuaibabs) [ID: 1336020357] | Text: start
20260308:234715.430: INFO: [CALLBACK] From: MH Shuaib (@shuaibabs) [ID: 1336020357] | Data: inventory_add_number
20260308:234751.469: INFO: [MESSAGE] From: MH Shuaib (@shuaibabs) [ID: 1336020357] | Text: 5060708090, 1020304050, 6020104050
20260308:234759.822: INFO: [CALLBACK] From: MH Shuaib (@shuaibabs) [ID: 1336020357] | Data: add_num_type_Prepaid
20260308:234811.363: INFO: [MESSAGE] From: MH Shuaib (@shuaibabs) [ID: 1336020357] | Text: telegram vendor
20260308:234827.198: INFO: [MESSAGE] From: MH Shuaib (@shuaibabs) [ID: 1336020357] | Text: 2026-03-08
20260308:234832.171: INFO: [MESSAGE] From: MH Shuaib (@shuaibabs) [ID: 1336020357] | Text: 500
20260308:234836.762: INFO: [MESSAGE] From: MH Shuaib (@shuaibabs) [ID: 1336020357] | Text: 1000
20260308:234840.339: INFO: [CALLBACK] From: MH Shuaib (@shuaibabs) [ID: 1336020357] | Data: add_num_owner_Individual
20260308:234842.761: INFO: [CALLBACK] From: MH Shuaib (@shuaibabs) [ID: 1336020357] | Data: add_num_rtp_RTP
20260308:234845.796: INFO: [CALLBACK] From: MH Shuaib (@shuaibabs) [ID: 1336020357] | Data: add_num_upload_Pending
20260308:234904.222: INFO: [MESSAGE] From: MH Shuaib (@shuaibabs) [ID: 1336020357] | Text: telegram prepaid new location
20260308:234907.552: INFO: [CALLBACK] From: MH Shuaib (@shuaibabs) [ID: 1336020357] | Data: add_num_loctype_Store
20260308:234917.472: INFO: [CALLBACK] From: MH Shuaib (@shuaibabs) [ID: 1336020357] | Data: add_num_assign_Tum71bdidON0MBKTix6tNfrdkWy1
20260308:234930.390: INFO: [CALLBACK] From: MH Shuaib (@shuaibabs) [ID: 1336020357] | Data: add_num_final_confirm
20260308:235536.677: INFO: [CALLBACK] From: Trionex Digital (@trionex_digital) [ID: 8556471471] | Data: add_num_type_Prepaid
20260308:235610.662: INFO: [MESSAGE] From: MH Shuaib (@shuaibabs) [ID: 1336020357] | Text: start
20260308:235613.946: INFO: [CALLBACK] From: MH Shuaib (@shuaibabs) [ID: 1336020357] | Data: inventory_add_number
20260308:235627.926: INFO: [MESSAGE] From: MH Shuaib (@shuaibabs) [ID: 1336020357] | Text: 1122112211, 1122332211
20260308:235629.675: INFO: [CALLBACK] From: MH Shuaib (@shuaibabs) [ID: 1336020357] | Data: add_num_type_Postpaid
20260308:235645.938: INFO: [MESSAGE] From: MH Shuaib (@shuaibabs) [ID: 1336020357] | Text: 2026-08-23
20260308:235653.902: INFO: [CALLBACK] From: MH Shuaib (@shuaibabs) [ID: 1336020357] | Data: add_num_pdbill_Yes
20260308:235718.500: INFO: [MESSAGE] From: MH Shuaib (@shuaibabs) [ID: 1336020357] | Text: telegram vendor postpaid testing
20260308:235734.886: INFO: [MESSAGE] From: MH Shuaib (@shuaibabs) [ID: 1336020357] | Text: 2026-03-08
20260308:235738.438: INFO: [MESSAGE] From: MH Shuaib (@shuaibabs) [ID: 1336020357] | Text: 4000
20260308:235742.471: INFO: [MESSAGE] From: MH Shuaib (@shuaibabs) [ID: 1336020357] | Text: 6000
20260308:235747.903: INFO: [CALLBACK] From: MH Shuaib (@shuaibabs) [ID: 1336020357] | Data: add_num_owner_Partnership
20260308:235756.358: INFO: [MESSAGE] From: MH Shuaib (@shuaibabs) [ID: 1336020357] | Text: telegram partner
20260308:235758.641: INFO: [CALLBACK] From: MH Shuaib (@shuaibabs) [ID: 1336020357] | Data: add_num_rtp_Non-RTP
20260308:235814.878: INFO: [MESSAGE] From: MH Shuaib (@shuaibabs) [ID: 1336020357] | Text: 2026-03-09
20260308:235817.474: INFO: [CALLBACK] From: MH Shuaib (@shuaibabs) [ID: 1336020357] | Data: add_num_upload_Done
20260308:235827.102: INFO: [MESSAGE] From: MH Shuaib (@shuaibabs) [ID: 1336020357] | Text: telegram postpaid
20260308:235828.862: INFO: [CALLBACK] From: MH Shuaib (@shuaibabs) [ID: 1336020357] | Data: add_num_loctype_Employee
20260308:235832.836: INFO: [CALLBACK] From: MH Shuaib (@shuaibabs) [ID: 1336020357] | Data: add_num_assign_Unassigned
20260308:235835.669: INFO: [CALLBACK] From: MH Shuaib (@shuaibabs) [ID: 1336020357] | Data: add_num_final_confirm
20260308:235850.695: INFO: [MESSAGE] From: MH Shuaib (@shuaibabs) [ID: 1336020357] | Text: /start
20260308:235852.780: INFO: [CALLBACK] From: MH Shuaib (@shuaibabs) [ID: 1336020357] | Data: inventory_add_number
20260308:235859.577: INFO: [MESSAGE] From: MH Shuaib (@shuaibabs) [ID: 1336020357] | Text: 1122331122
20260308:235901.824: INFO: [CALLBACK] From: MH Shuaib (@shuaibabs) [ID: 1336020357] | Data: add_num_type_COCP
20260308:235913.531: INFO: [MESSAGE] From: MH Shuaib (@shuaibabs) [ID: 1336020357] | Text: telegram accoun cocp
20260308:235931.598: INFO: [MESSAGE] From: MH Shuaib (@shuaibabs) [ID: 1336020357] | Text: 2026-03-08
20260308:235945.139: INFO: [MESSAGE] From: MH Shuaib (@shuaibabs) [ID: 1336020357] | Text: telegram vendor cocp
20260308:235954.957: INFO: [MESSAGE] From: MH Shuaib (@shuaibabs) [ID: 1336020357] | Text: 2026-03-08
20260308:235958.792: INFO: [MESSAGE] From: MH Shuaib (@shuaibabs) [ID: 1336020357] | Text: 500
